<?xml version="1.0" encoding="UTF-8"?>
<!-- Generated by org.testng.reporters.JUnitReportReporter -->
<testsuite hostname="LAPTOP-TGHK88CQ" name="mavenPro5.NewTest" tests="1" failures="0" timestamp="20 Jan 2019 10:55:18 GMT" time="0.006" errors="0">
  <testcase name="f" time="0.006" classname="mavenPro5.NewTest"/>
</testsuite> <!-- mavenPro5.NewTest -->
