<?xml version="1.0" encoding="UTF-8"?>
<!-- Generated by org.testng.reporters.JUnitReportReporter -->
<testsuite hostname="LAPTOP-TGHK88CQ" name="mavenPro5.AppTest" tests="1" failures="0" timestamp="16 Jan 2019 13:46:32 GMT" time="0.008" errors="0">
  <testcase name="shouldAnswerWithTrue" time="0.008" classname="mavenPro5.AppTest"/>
</testsuite> <!-- mavenPro5.AppTest -->
